<?xml version="1.0" encoding="UTF-8"?>
<testng-results ignored="0" total="3" passed="3" failed="0" skipped="0">
  <reporter-output>
  </reporter-output>
  <suite started-at="2023-10-06T10:03:36Z" name="Default suite" finished-at="2023-10-06T10:03:36Z" duration-ms="23">
    <groups>
    </groups>
    <test started-at="2023-10-06T10:03:36Z" name="Default test" finished-at="2023-10-06T10:03:36Z" duration-ms="23">
      <class name="com.nopcomerce.user.User_01_Register_Login">
        <test-method is-config="true" signature="beforeClass()[pri:0, instance:com.nopcomerce.user.User_01_Register_Login@7d898981]" started-at="2023-10-06T10:03:36Z" name="beforeClass" finished-at="2023-10-06T10:03:36Z" duration-ms="5" status="PASS">
          <reporter-output>
          </reporter-output>
        </test-method> <!-- beforeClass -->
        <test-method signature="TC_01_Register_Empty_Data()[pri:0, instance:com.nopcomerce.user.User_01_Register_Login@7d898981]" started-at="2023-10-06T10:03:36Z" name="TC_01_Register_Empty_Data" finished-at="2023-10-06T10:03:36Z" duration-ms="4" status="PASS">
          <reporter-output>
          </reporter-output>
        </test-method> <!-- TC_01_Register_Empty_Data -->
        <test-method signature="TC_02_Register_Invalid_Email()[pri:0, instance:com.nopcomerce.user.User_01_Register_Login@7d898981]" started-at="2023-10-06T10:03:36Z" name="TC_02_Register_Invalid_Email" finished-at="2023-10-06T10:03:36Z" duration-ms="1" status="PASS">
          <reporter-output>
          </reporter-output>
        </test-method> <!-- TC_02_Register_Invalid_Email -->
        <test-method signature="TC_03_Register_Invalid_Password()[pri:0, instance:com.nopcomerce.user.User_01_Register_Login@7d898981]" started-at="2023-10-06T10:03:36Z" name="TC_03_Register_Invalid_Password" finished-at="2023-10-06T10:03:36Z" duration-ms="1" status="PASS">
          <reporter-output>
          </reporter-output>
        </test-method> <!-- TC_03_Register_Invalid_Password -->
        <test-method is-config="true" signature="afterClass()[pri:0, instance:com.nopcomerce.user.User_01_Register_Login@7d898981]" started-at="2023-10-06T10:03:36Z" name="afterClass" finished-at="2023-10-06T10:03:36Z" duration-ms="0" status="PASS">
          <reporter-output>
          </reporter-output>
        </test-method> <!-- afterClass -->
      </class> <!-- com.nopcomerce.user.User_01_Register_Login -->
    </test> <!-- Default test -->
  </suite> <!-- Default suite -->
</testng-results>
